[13:14:08] [main/INFO]: Environment: authHost='https://authserver.mojang.com', accountsHost='https://api.mojang.com', sessionHost='https://sessionserver.mojang.com', servicesHost='https://api.minecraftservices.com', name='PROD'
[13:14:08] [main/WARN]: Ambiguity between arguments [teleport, destination] and [teleport, targets] with inputs: [Player, 0123, @e, dd12be42-52a9-4a91-a8a1-11c01849e498]
[13:14:08] [main/WARN]: Ambiguity between arguments [teleport, location] and [teleport, destination] with inputs: [0.1 -0.5 .9, 0 0 0]
[13:14:08] [main/WARN]: Ambiguity between arguments [teleport, location] and [teleport, targets] with inputs: [0.1 -0.5 .9, 0 0 0]
[13:14:08] [main/WARN]: Ambiguity between arguments [teleport, targets] and [teleport, destination] with inputs: [Player, 0123, dd12be42-52a9-4a91-a8a1-11c01849e498]
[13:14:08] [main/WARN]: Ambiguity between arguments [teleport, targets, location] and [teleport, targets, destination] with inputs: [0.1 -0.5 .9, 0 0 0]
[13:14:08] [main/INFO]: Reloading ResourceManager: Default
[13:14:09] [Worker-Main-12/INFO]: Loaded 7 recipes
[13:14:09] [Worker-Main-12/INFO]: Loaded 927 advancements
[13:14:11] [Server thread/INFO]: Starting minecraft server version 1.16.5
[13:14:11] [Server thread/INFO]: Loading properties
[13:14:11] [Server thread/INFO]: Default game type: SURVIVAL
[13:14:11] [Server thread/INFO]: Generating keypair
[13:14:11] [Server console handler/ERROR]: Exception handling console input
java.io.IOException: The handle is invalid
	at java.io.FileInputStream.readBytes(Native Method) ~[?:?]
	at java.io.FileInputStream.read(FileInputStream.java:279) ~[?:?]
	at java.io.BufferedInputStream.read1(BufferedInputStream.java:290) ~[?:?]
	at java.io.BufferedInputStream.read(BufferedInputStream.java:351) ~[?:?]
	at sun.nio.cs.StreamDecoder.readBytes(StreamDecoder.java:284) ~[?:?]
	at sun.nio.cs.StreamDecoder.implRead(StreamDecoder.java:326) ~[?:?]
	at sun.nio.cs.StreamDecoder.read(StreamDecoder.java:178) ~[?:?]
	at java.io.InputStreamReader.read(InputStreamReader.java:181) ~[?:?]
	at java.io.BufferedReader.fill(BufferedReader.java:161) ~[?:?]
	at java.io.BufferedReader.readLine(BufferedReader.java:326) ~[?:?]
	at java.io.BufferedReader.readLine(BufferedReader.java:392) ~[?:?]
	at zg$1.run(SourceFile:95) [server.jar:?]
[13:14:12] [Server thread/INFO]: Starting Minecraft server on 26.180.147.39:25565
[13:14:12] [Server thread/INFO]: Using default channel type
[13:14:13] [Server thread/WARN]: **** SERVER IS RUNNING IN OFFLINE/INSECURE MODE!
[13:14:13] [Server thread/WARN]: The server will make no attempt to authenticate usernames. Beware.
[13:14:13] [Server thread/WARN]: While this makes the game possible to play without internet access, it also opens up the ability for hackers to connect with any username they choose.
[13:14:13] [Server thread/WARN]: To change this, set "online-mode" to "true" in the server.properties file.
[13:14:13] [Server thread/INFO]: Preparing level "world"
[13:14:13] [Server thread/INFO]: Preparing start region for dimension minecraft:overworld
[13:14:15] [Server thread/INFO]: Preparing spawn area: 0%
[13:14:15] [Server thread/INFO]: Preparing spawn area: 0%
[13:14:15] [Server thread/INFO]: Preparing spawn area: 0%
[13:14:15] [Server thread/INFO]: Preparing spawn area: 0%
[13:14:15] [Server thread/INFO]: Preparing spawn area: 0%
[13:14:17] [Server thread/INFO]: Time elapsed: 3633 ms
[13:14:17] [Server thread/INFO]: Done (3.874s)! For help, type "help"
[13:14:49] [Server thread/INFO]: cale3003[/26.111.61.200:65102] logged in with entity id 103 at (-861.6841127169426, 68.0, -47.25337398971122)
[13:14:49] [Server thread/INFO]: cale3003 joined the game
[13:21:36] [Server thread/INFO]: llortserefotle[/26.111.62.44:54167] logged in with entity id 1182 at (-227.5, 63.0, 138.5)
[13:21:36] [Server thread/INFO]: llortserefotle joined the game
[13:23:58] [Server thread/INFO]: llortserefotle has made the advancement [We Need to Go Deeper]
[13:24:50] [Server thread/INFO]: DEGEOUFT[/26.71.8.149:54764] logged in with entity id 2585 at (-241.5, 76.0, 138.5)
[13:24:50] [Server thread/INFO]: DEGEOUFT joined the game
[13:26:55] [Server thread/WARN]: Mismatch in destroy block pos: fx{x=0, y=0, z=0} fx{x=-231, y=91, z=134}
[13:26:55] [Server thread/WARN]: Mismatch in destroy block pos: fx{x=0, y=0, z=0} fx{x=-231, y=91, z=134}
[13:27:06] [Server thread/WARN]: Mismatch in destroy block pos: fx{x=0, y=0, z=0} fx{x=-234, y=108, z=136}
[13:27:24] [Server thread/INFO]: DEGEOUFT fell from a high place
[13:27:32] [Server thread/WARN]: Mismatch in destroy block pos: fx{x=0, y=0, z=0} fx{x=-243, y=68, z=124}
[13:27:32] [Server thread/WARN]: Mismatch in destroy block pos: fx{x=0, y=0, z=0} fx{x=-244, y=69, z=127}
[13:27:32] [Server thread/WARN]: Mismatch in destroy block pos: fx{x=0, y=0, z=0} fx{x=-244, y=69, z=127}
[13:27:32] [Server thread/WARN]: Mismatch in destroy block pos: fx{x=0, y=0, z=0} fx{x=-244, y=69, z=127}
[13:27:32] [Server thread/WARN]: Mismatch in destroy block pos: fx{x=0, y=0, z=0} fx{x=-244, y=69, z=127}
[13:27:32] [Server thread/WARN]: Mismatch in destroy block pos: fx{x=0, y=0, z=0} fx{x=-244, y=69, z=127}
[13:27:33] [Server thread/WARN]: Mismatch in destroy block pos: fx{x=0, y=0, z=0} fx{x=-244, y=69, z=127}
[13:27:35] [Server thread/WARN]: Mismatch in destroy block pos: fx{x=0, y=0, z=0} fx{x=-243, y=70, z=126}
[13:28:22] [Server thread/INFO]: DEGEOUFT has made the advancement [We Need to Go Deeper]
[13:29:44] [Server thread/INFO]: DEGEOUFT has made the advancement [Sweet Dreams]
