[20:27:20] [main/INFO]: Environment: authHost='https://authserver.mojang.com', accountsHost='https://api.mojang.com', sessionHost='https://sessionserver.mojang.com', servicesHost='https://api.minecraftservices.com', name='PROD'
[20:27:21] [main/WARN]: Ambiguity between arguments [teleport, destination] and [teleport, targets] with inputs: [Player, 0123, @e, dd12be42-52a9-4a91-a8a1-11c01849e498]
[20:27:21] [main/WARN]: Ambiguity between arguments [teleport, location] and [teleport, destination] with inputs: [0.1 -0.5 .9, 0 0 0]
[20:27:21] [main/WARN]: Ambiguity between arguments [teleport, location] and [teleport, targets] with inputs: [0.1 -0.5 .9, 0 0 0]
[20:27:21] [main/WARN]: Ambiguity between arguments [teleport, targets] and [teleport, destination] with inputs: [Player, 0123, dd12be42-52a9-4a91-a8a1-11c01849e498]
[20:27:21] [main/WARN]: Ambiguity between arguments [teleport, targets, location] and [teleport, targets, destination] with inputs: [0.1 -0.5 .9, 0 0 0]
[20:27:21] [main/INFO]: Reloading ResourceManager: Default
[20:27:22] [Worker-Main-14/INFO]: Loaded 7 recipes
[20:27:22] [Worker-Main-14/INFO]: Loaded 927 advancements
[20:27:24] [Server thread/INFO]: Starting minecraft server version 1.16.5
[20:27:24] [Server thread/INFO]: Loading properties
[20:27:24] [Server thread/INFO]: Default game type: SURVIVAL
[20:27:24] [Server thread/INFO]: Generating keypair
[20:27:24] [Server console handler/ERROR]: Exception handling console input
java.io.IOException: The handle is invalid
	at java.io.FileInputStream.readBytes(Native Method) ~[?:?]
	at java.io.FileInputStream.read(FileInputStream.java:279) ~[?:?]
	at java.io.BufferedInputStream.read1(BufferedInputStream.java:290) ~[?:?]
	at java.io.BufferedInputStream.read(BufferedInputStream.java:351) ~[?:?]
	at sun.nio.cs.StreamDecoder.readBytes(StreamDecoder.java:284) ~[?:?]
	at sun.nio.cs.StreamDecoder.implRead(StreamDecoder.java:326) ~[?:?]
	at sun.nio.cs.StreamDecoder.read(StreamDecoder.java:178) ~[?:?]
	at java.io.InputStreamReader.read(InputStreamReader.java:181) ~[?:?]
	at java.io.BufferedReader.fill(BufferedReader.java:161) ~[?:?]
	at java.io.BufferedReader.readLine(BufferedReader.java:326) ~[?:?]
	at java.io.BufferedReader.readLine(BufferedReader.java:392) ~[?:?]
	at zg$1.run(SourceFile:95) [server.jar:?]
[20:27:24] [Server thread/INFO]: Starting Minecraft server on 26.180.147.39:25565
[20:27:24] [Server thread/INFO]: Using default channel type
[20:27:24] [Server thread/WARN]: **** SERVER IS RUNNING IN OFFLINE/INSECURE MODE!
[20:27:24] [Server thread/WARN]: The server will make no attempt to authenticate usernames. Beware.
[20:27:24] [Server thread/WARN]: While this makes the game possible to play without internet access, it also opens up the ability for hackers to connect with any username they choose.
[20:27:24] [Server thread/WARN]: To change this, set "online-mode" to "true" in the server.properties file.
[20:27:24] [Server thread/INFO]: Preparing level "world"
[20:27:24] [Server thread/INFO]: Preparing start region for dimension minecraft:overworld
[20:27:27] [Server thread/INFO]: Preparing spawn area: 0%
[20:27:27] [Server thread/INFO]: Preparing spawn area: 0%
[20:27:27] [Server thread/INFO]: Preparing spawn area: 0%
[20:27:27] [Server thread/INFO]: Preparing spawn area: 0%
[20:27:27] [Server thread/INFO]: Preparing spawn area: 0%
[20:27:30] [Worker-Main-13/INFO]: Preparing spawn area: 83%
[20:27:30] [Worker-Main-11/INFO]: Preparing spawn area: 83%
[20:27:30] [Worker-Main-13/INFO]: Preparing spawn area: 83%
[20:27:30] [Worker-Main-13/INFO]: Preparing spawn area: 83%
[20:27:30] [Worker-Main-13/INFO]: Preparing spawn area: 83%
[20:27:30] [Worker-Main-13/INFO]: Preparing spawn area: 83%
[20:27:30] [Worker-Main-10/INFO]: Preparing spawn area: 83%
[20:27:30] [Worker-Main-12/INFO]: Preparing spawn area: 83%
[20:27:31] [Worker-Main-10/INFO]: Preparing spawn area: 83%
[20:27:32] [Worker-Main-8/INFO]: Preparing spawn area: 83%
[20:27:32] [Worker-Main-8/INFO]: Preparing spawn area: 83%
[20:27:32] [Worker-Main-13/INFO]: Preparing spawn area: 83%
[20:27:33] [Worker-Main-8/INFO]: Preparing spawn area: 83%
[20:27:34] [Worker-Main-14/INFO]: Preparing spawn area: 85%
[20:27:34] [Worker-Main-10/INFO]: Preparing spawn area: 89%
[20:27:35] [Worker-Main-12/INFO]: Preparing spawn area: 91%
[20:27:35] [Worker-Main-9/INFO]: Preparing spawn area: 95%
[20:27:35] [Server thread/INFO]: Preparing spawn area: 98%
[20:27:36] [Server thread/INFO]: Time elapsed: 11092 ms
[20:27:36] [Server thread/INFO]: Done (11.244s)! For help, type "help"
[20:28:27] [Server thread/INFO]: FormolDog[/26.180.147.39:54024] logged in with entity id 131 at (-242.5, 70.0, 152.5)
[20:28:27] [Server thread/INFO]: FormolDog joined the game
[20:29:05] [Server thread/INFO]: cardacar[/26.101.111.240:60734] logged in with entity id 247 at (-232.5, 68.0, 135.5)
[20:29:05] [Server thread/INFO]: cardacar joined the game
